<?xml version="1.0" encoding="UTF-8"?>
<!-- Generated by org.testng.reporters.JUnitReportReporter -->
<testsuite hostname="NTB-257" failures="0" tests="2" name="Academy.E2EProject.HomePage" time="44.507" errors="0" timestamp="2022-07-25T12:48:02 CEST" skipped="0">
  <testcase classname="Academy.E2EProject.HomePage" name="basePageNavigation" time="25.461"/>
  <system-out/>
  <testcase classname="Academy.E2EProject.HomePage" name="basePageNavigation" time="19.046"/>
  <system-out/>
</testsuite> <!-- Academy.E2EProject.HomePage -->
