<?xml version="1.0" encoding="UTF-8"?>
<!-- Generated by org.testng.reporters.JUnitReportReporter -->
<testsuite hostname="NTB-257" failures="0" tests="2" name="Academy.E2EProject.HomePage" time="48.873" errors="0" timestamp="2022-07-28T15:49:06 CEST" skipped="0">
  <testcase classname="Academy.E2EProject.HomePage" name="basePageNavigation" time="26.415"/>
  <system-out/>
  <testcase classname="Academy.E2EProject.HomePage" name="basePageNavigation" time="22.458"/>
  <system-out/>
</testsuite> <!-- Academy.E2EProject.HomePage -->
