<?xml version="1.0" encoding="UTF-8"?>
<!-- Generated by org.testng.reporters.JUnitReportReporter -->
<testsuite hostname="NTB-257" failures="0" tests="2" name="Academy.E2EProject.HomePageValidates" time="23.437" errors="0" timestamp="2022-07-28T14:28:37 CEST" skipped="0">
  <testcase classname="Academy.E2EProject.HomePageValidates" name="basePageNavigation" time="23.165"/>
  <system-out/>
  <testcase classname="Academy.E2EProject.HomePageValidates" name="validateHeader" time="0.272"/>
  <system-out/>
</testsuite> <!-- Academy.E2EProject.HomePageValidates -->
