<?xml version="1.0" encoding="UTF-8"?>
<!-- Generated by org.testng.reporters.JUnitReportReporter -->
<testsuite hostname="NTB-257" failures="0" tests="2" name="Academy.E2EProject.HomePageCucumber" time="42.601" errors="0" timestamp="2022-07-23T16:40:34 CEST" skipped="0">
  <testcase classname="Academy.E2EProject.HomePageCucumber" name="basePageNavigation" time="18.561"/>
  <system-out/>
  <testcase classname="Academy.E2EProject.HomePageCucumber" name="basePageNavigation" time="24.040"/>
  <system-out/>
</testsuite> <!-- Academy.E2EProject.HomePageCucumber -->
